MLP:
              precision    recall  f1-score   support

           0       0.62      0.62      0.62      1000
           1       0.68      0.69      0.68      1000
           2       0.48      0.37      0.42      1000
           3       0.38      0.35      0.37      1000
           4       0.50      0.45      0.47      1000
           5       0.47      0.43      0.45      1000
           6       0.51      0.72      0.59      1000
           7       0.61      0.64      0.62      1000
           8       0.65      0.69      0.67      1000
           9       0.61      0.60      0.61      1000

   micro avg       0.55      0.55      0.55     10000
   macro avg       0.55      0.55      0.55     10000
weighted avg       0.55      0.55      0.55     10000

Accuracy : 55.49%



CNN:
              precision    recall  f1-score   support

           0       0.86      0.89      0.87      1000
           1       0.91      0.94      0.93      1000
           2       0.84      0.80      0.82      1000
           3       0.73      0.73      0.73      1000
           4       0.86      0.83      0.85      1000
           5       0.79      0.77      0.78      1000
           6       0.89      0.91      0.90      1000
           7       0.89      0.90      0.89      1000
           8       0.92      0.92      0.92      1000
           9       0.89      0.91      0.90      1000

   micro avg       0.86      0.86      0.86     10000
   macro avg       0.86      0.86      0.86     10000
weighted avg       0.86      0.86      0.86     10000

Accuracy : 85.69%



VGG:
              precision    recall  f1-score   support

           0       0.88      0.90      0.89      1000
           1       0.93      0.95      0.94      1000
           2       0.81      0.82      0.82      1000
           3       0.68      0.79      0.73      1000
           4       0.88      0.84      0.86      1000
           5       0.81      0.78      0.80      1000
           6       0.93      0.88      0.90      1000
           7       0.92      0.90      0.91      1000
           8       0.93      0.94      0.93      1000
           9       0.94      0.90      0.92      1000

   micro avg       0.87      0.87      0.87     10000
   macro avg       0.87      0.87      0.87     10000
weighted avg       0.87      0.87      0.87     10000

Accuracy : 86.91%



AC-GAN:
              precision    recall  f1-score   support

           0       0.93      0.92      0.93      1000
           1       0.95      0.97      0.96      1000
           2       0.91      0.92      0.92      1000
           3       0.83      0.87      0.85      1000
           4       0.94      0.94      0.94      1000
           5       0.89      0.87      0.88      1000
           6       0.97      0.95      0.96      1000
           7       0.96      0.95      0.95      1000
           8       0.94      0.96      0.95      1000
           9       0.96      0.93      0.94      1000

   micro avg       0.93      0.93      0.93     10000
   macro avg       0.93      0.93      0.93     10000
weighted avg       0.93      0.93      0.93     10000

Accuracy : 92.83%

